2023-07-23 12:14:43.887	INFO	data_operation/get_data.go:29	c8540736-f86b-47a6-9a2d-bc6a35711fb0 58238 江苏省 南京
2023-07-23 12:14:44.618	INFO	data_operation/parsing_data.go:127	SaveDataWorker 从100缓冲通道接收
2023-07-23 12:14:44.648	INFO	db/operation.go:71	c8540736-f86b-47a6-9a2d-bc6a35711fb0 没查到数据 select * from 58238r_2023 where date = '2023-07-23' and time = '11:50' order by id desc limit 1
2023-07-23 12:14:44.713	INFO	data_operation/save_data.go:117	c8540736-f86b-47a6-9a2d-bc6a35711fb0 58238r_2023 插入实时数据 pk:1781
2023-07-23 12:14:45.538	INFO	http_requests/http_get_worker.go:62	c8540736-f86b-47a6-9a2d-bc6a35711fb0 HttpGetWorker 拿到html链接
2023-07-23 12:14:45.539	INFO	data_operation/get_data.go:29	8416652d-544a-42dc-8652-6488d443d99c 58343 江苏省 常州
2023-07-23 12:14:45.571	INFO	data_operation/parsing_data.go:127	SaveDataWorker 从100缓冲通道接收
2023-07-23 12:14:45.572	INFO	data_operation/parsing_data.go:46	解析html成功
2023-07-23 12:14:45.590	INFO	data_operation/save_data.go:120	c8540736-f86b-47a6-9a2d-bc6a35711fb0 2023-07-23 14:00 无新数据
2023-07-23 12:14:45.617	INFO	data_operation/save_data.go:120	c8540736-f86b-47a6-9a2d-bc6a35711fb0 2023-07-23 17:00 无新数据
2023-07-23 12:14:45.647	INFO	data_operation/save_data.go:120	c8540736-f86b-47a6-9a2d-bc6a35711fb0 2023-07-23 20:00 无新数据
2023-07-23 12:14:45.671	INFO	data_operation/save_data.go:120	c8540736-f86b-47a6-9a2d-bc6a35711fb0 2023-07-23 23:00 无新数据
2023-07-23 12:14:46.599	INFO	data_operation/parsing_data.go:127	SaveDataWorker 从100缓冲通道接收
2023-07-23 12:14:46.600	DEBUG	data_operation/save_data.go:135	8416652d-544a-42dc-8652-6488d443d99c-没插入-发现9999
2023-07-23 12:14:47.542	INFO	http_requests/http_get_worker.go:62	8416652d-544a-42dc-8652-6488d443d99c HttpGetWorker 拿到html链接
2023-07-23 12:14:47.543	INFO	data_operation/get_data.go:29	1ce9a2d6-6c6b-46d5-827c-2f31a9f52338 58145 江苏省 楚州
2023-07-23 12:14:47.590	INFO	data_operation/parsing_data.go:127	SaveDataWorker 从100缓冲通道接收
2023-07-23 12:14:47.592	INFO	data_operation/parsing_data.go:46	解析html成功
2023-07-23 12:14:47.618	INFO	data_operation/save_data.go:120	8416652d-544a-42dc-8652-6488d443d99c 2023-07-23 14:00 无新数据
2023-07-23 12:14:47.644	INFO	data_operation/save_data.go:120	8416652d-544a-42dc-8652-6488d443d99c 2023-07-23 17:00 无新数据
2023-07-23 12:14:47.665	INFO	data_operation/save_data.go:120	8416652d-544a-42dc-8652-6488d443d99c 2023-07-23 20:00 无新数据
2023-07-23 12:14:47.698	INFO	data_operation/save_data.go:120	8416652d-544a-42dc-8652-6488d443d99c 2023-07-23 23:00 无新数据
2023-07-23 12:14:48.582	INFO	data_operation/parsing_data.go:127	SaveDataWorker 从100缓冲通道接收
2023-07-23 12:14:48.610	INFO	db/operation.go:71	1ce9a2d6-6c6b-46d5-827c-2f31a9f52338 没查到数据 select * from 58145r_2023 where date = '2023-07-23' and time = '11:50' order by id desc limit 1
2023-07-23 12:14:48.673	INFO	data_operation/save_data.go:117	1ce9a2d6-6c6b-46d5-827c-2f31a9f52338 58145r_2023 插入实时数据 pk:1768
2023-07-23 12:14:49.543	INFO	http_requests/http_get_worker.go:62	1ce9a2d6-6c6b-46d5-827c-2f31a9f52338 HttpGetWorker 拿到html链接
2023-07-23 12:14:49.543	INFO	data_operation/get_data.go:29	91c1bbc6-0d38-4916-86ed-3ac602c43a61 58251 江苏省 东台
2023-07-23 12:14:49.615	INFO	data_operation/parsing_data.go:127	SaveDataWorker 从100缓冲通道接收
2023-07-23 12:14:49.626	INFO	data_operation/parsing_data.go:46	解析html成功
2023-07-23 12:14:49.649	INFO	data_operation/save_data.go:120	1ce9a2d6-6c6b-46d5-827c-2f31a9f52338 2023-07-23 14:00 无新数据
2023-07-23 12:14:49.678	INFO	data_operation/save_data.go:120	1ce9a2d6-6c6b-46d5-827c-2f31a9f52338 2023-07-23 17:00 无新数据
2023-07-23 12:14:49.694	INFO	data_operation/save_data.go:120	1ce9a2d6-6c6b-46d5-827c-2f31a9f52338 2023-07-23 20:00 无新数据
2023-07-23 12:14:49.725	INFO	data_operation/save_data.go:120	1ce9a2d6-6c6b-46d5-827c-2f31a9f52338 2023-07-23 23:00 无新数据
2023-07-23 12:14:50.592	INFO	data_operation/parsing_data.go:127	SaveDataWorker 从100缓冲通道接收
2023-07-23 12:14:50.621	INFO	db/operation.go:71	91c1bbc6-0d38-4916-86ed-3ac602c43a61 没查到数据 select * from 58251r_2023 where date = '2023-07-23' and time = '11:50' order by id desc limit 1
2023-07-23 12:14:50.745	INFO	data_operation/save_data.go:117	91c1bbc6-0d38-4916-86ed-3ac602c43a61 58251r_2023 插入实时数据 pk:1757
2023-07-23 12:14:51.537	INFO	http_requests/http_get_worker.go:62	91c1bbc6-0d38-4916-86ed-3ac602c43a61 HttpGetWorker 拿到html链接
2023-07-23 12:14:51.538	INFO	data_operation/get_data.go:29	138da2ff-b013-42b6-a22b-1e1e9c1d2c54 58040 江苏省 赣榆
2023-07-23 12:14:51.583	INFO	data_operation/parsing_data.go:127	SaveDataWorker 从100缓冲通道接收
2023-07-23 12:14:51.586	INFO	data_operation/parsing_data.go:46	解析html成功
2023-07-23 12:14:51.614	INFO	data_operation/save_data.go:120	91c1bbc6-0d38-4916-86ed-3ac602c43a61 2023-07-23 14:00 无新数据
2023-07-23 12:14:51.633	INFO	data_operation/save_data.go:120	91c1bbc6-0d38-4916-86ed-3ac602c43a61 2023-07-23 17:00 无新数据
2023-07-23 12:14:51.665	INFO	data_operation/save_data.go:120	91c1bbc6-0d38-4916-86ed-3ac602c43a61 2023-07-23 20:00 无新数据
2023-07-23 12:14:51.683	INFO	data_operation/save_data.go:120	91c1bbc6-0d38-4916-86ed-3ac602c43a61 2023-07-23 23:00 无新数据
2023-07-23 12:14:52.590	INFO	data_operation/parsing_data.go:127	SaveDataWorker 从100缓冲通道接收
2023-07-23 12:14:52.604	DEBUG	data_operation/save_data.go:135	138da2ff-b013-42b6-a22b-1e1e9c1d2c54-没插入-发现9999
2023-07-23 12:14:53.536	INFO	http_requests/http_get_worker.go:62	138da2ff-b013-42b6-a22b-1e1e9c1d2c54 HttpGetWorker 拿到html链接
2023-07-23 12:14:53.536	INFO	data_operation/get_data.go:29	753f3db0-962c-4b86-9437-21041131fd2d 58241 江苏省 高邮
2023-07-23 12:14:53.632	INFO	data_operation/parsing_data.go:127	SaveDataWorker 从100缓冲通道接收
2023-07-23 12:14:53.636	INFO	data_operation/parsing_data.go:46	解析html成功
2023-07-23 12:14:53.664	INFO	data_operation/save_data.go:120	138da2ff-b013-42b6-a22b-1e1e9c1d2c54 2023-07-23 14:00 无新数据
2023-07-23 12:14:53.682	INFO	data_operation/save_data.go:120	138da2ff-b013-42b6-a22b-1e1e9c1d2c54 2023-07-23 17:00 无新数据
2023-07-23 12:14:53.711	INFO	data_operation/save_data.go:120	138da2ff-b013-42b6-a22b-1e1e9c1d2c54 2023-07-23 20:00 无新数据
2023-07-23 12:14:53.727	INFO	data_operation/save_data.go:120	138da2ff-b013-42b6-a22b-1e1e9c1d2c54 2023-07-23 23:00 无新数据
2023-07-23 12:14:54.610	INFO	data_operation/parsing_data.go:127	SaveDataWorker 从100缓冲通道接收
2023-07-23 12:14:54.613	DEBUG	data_operation/save_data.go:135	753f3db0-962c-4b86-9437-21041131fd2d-没插入-发现9999
2023-07-23 12:14:55.544	INFO	http_requests/http_get_worker.go:62	753f3db0-962c-4b86-9437-21041131fd2d HttpGetWorker 拿到html链接
2023-07-23 12:14:55.544	INFO	data_operation/get_data.go:29	ef91b15a-730a-4b3a-8e0b-d87833f9c29d 58044 江苏省 连云港
2023-07-23 12:14:55.622	INFO	data_operation/parsing_data.go:127	SaveDataWorker 从100缓冲通道接收
2023-07-23 12:14:55.626	INFO	data_operation/parsing_data.go:46	解析html成功
2023-07-23 12:14:55.640	INFO	data_operation/save_data.go:120	753f3db0-962c-4b86-9437-21041131fd2d 2023-07-23 14:00 无新数据
2023-07-23 12:14:55.672	INFO	data_operation/save_data.go:120	753f3db0-962c-4b86-9437-21041131fd2d 2023-07-23 17:00 无新数据
2023-07-23 12:14:55.688	INFO	data_operation/save_data.go:120	753f3db0-962c-4b86-9437-21041131fd2d 2023-07-23 20:00 无新数据
2023-07-23 12:14:55.720	INFO	data_operation/save_data.go:120	753f3db0-962c-4b86-9437-21041131fd2d 2023-07-23 23:00 无新数据
2023-07-23 12:14:56.621	INFO	data_operation/parsing_data.go:127	SaveDataWorker 从100缓冲通道接收
2023-07-23 12:14:56.633	DEBUG	data_operation/save_data.go:135	ef91b15a-730a-4b3a-8e0b-d87833f9c29d-没插入-发现9999
2023-07-23 12:14:57.538	INFO	http_requests/http_get_worker.go:62	ef91b15a-730a-4b3a-8e0b-d87833f9c29d HttpGetWorker 拿到html链接
2023-07-23 12:14:57.538	INFO	data_operation/get_data.go:29	22191228-2626-4eb1-b00a-80c8eeaed2ff 58259 江苏省 南通
2023-07-23 12:14:57.617	INFO	data_operation/parsing_data.go:127	SaveDataWorker 从100缓冲通道接收
2023-07-23 12:14:57.628	INFO	data_operation/parsing_data.go:46	解析html成功
2023-07-23 12:14:57.649	INFO	data_operation/save_data.go:120	ef91b15a-730a-4b3a-8e0b-d87833f9c29d 2023-07-23 14:00 无新数据
2023-07-23 12:14:57.671	INFO	data_operation/save_data.go:120	ef91b15a-730a-4b3a-8e0b-d87833f9c29d 2023-07-23 17:00 无新数据
2023-07-23 12:14:57.698	INFO	data_operation/save_data.go:120	ef91b15a-730a-4b3a-8e0b-d87833f9c29d 2023-07-23 20:00 无新数据
2023-07-23 12:14:57.730	INFO	data_operation/save_data.go:120	ef91b15a-730a-4b3a-8e0b-d87833f9c29d 2023-07-23 23:00 无新数据
2023-07-23 12:14:58.621	INFO	data_operation/parsing_data.go:127	SaveDataWorker 从100缓冲通道接收
2023-07-23 12:14:58.623	DEBUG	data_operation/save_data.go:135	22191228-2626-4eb1-b00a-80c8eeaed2ff-没插入-发现9999
2023-07-23 12:14:59.538	INFO	http_requests/http_get_worker.go:62	22191228-2626-4eb1-b00a-80c8eeaed2ff HttpGetWorker 拿到html链接
2023-07-23 12:14:59.539	INFO	data_operation/get_data.go:29	7e0af26d-10a1-4b8f-9930-7448d85a0827 58349 江苏省 苏州
2023-07-23 12:14:59.669	INFO	data_operation/parsing_data.go:127	SaveDataWorker 从100缓冲通道接收
2023-07-23 12:14:59.674	INFO	data_operation/parsing_data.go:46	解析html成功
2023-07-23 12:14:59.696	INFO	data_operation/save_data.go:120	22191228-2626-4eb1-b00a-80c8eeaed2ff 2023-07-23 14:00 无新数据
2023-07-23 12:14:59.729	INFO	data_operation/save_data.go:120	22191228-2626-4eb1-b00a-80c8eeaed2ff 2023-07-23 17:00 无新数据
2023-07-23 12:14:59.743	INFO	data_operation/save_data.go:120	22191228-2626-4eb1-b00a-80c8eeaed2ff 2023-07-23 20:00 无新数据
2023-07-23 12:14:59.777	INFO	data_operation/save_data.go:120	22191228-2626-4eb1-b00a-80c8eeaed2ff 2023-07-23 23:00 无新数据
2023-07-23 12:15:00.611	INFO	data_operation/parsing_data.go:127	SaveDataWorker 从100缓冲通道接收
2023-07-23 12:15:00.618	DEBUG	data_operation/save_data.go:135	7e0af26d-10a1-4b8f-9930-7448d85a0827-没插入-发现9999
2023-07-23 12:15:01.541	INFO	http_requests/http_get_worker.go:62	7e0af26d-10a1-4b8f-9930-7448d85a0827 HttpGetWorker 拿到html链接
2023-07-23 12:15:01.541	INFO	data_operation/get_data.go:29	95acb47d-23b6-4352-8997-fbb06e0ca48a 58131 江苏省 宿迁
2023-07-23 12:15:01.620	INFO	data_operation/parsing_data.go:127	SaveDataWorker 从100缓冲通道接收
2023-07-23 12:15:01.623	INFO	data_operation/parsing_data.go:46	解析html成功
2023-07-23 12:15:01.652	INFO	data_operation/save_data.go:120	7e0af26d-10a1-4b8f-9930-7448d85a0827 2023-07-23 14:00 无新数据
2023-07-23 12:15:01.673	INFO	data_operation/save_data.go:120	7e0af26d-10a1-4b8f-9930-7448d85a0827 2023-07-23 17:00 无新数据
2023-07-23 12:15:01.700	INFO	data_operation/save_data.go:120	7e0af26d-10a1-4b8f-9930-7448d85a0827 2023-07-23 20:00 无新数据
2023-07-23 12:15:01.715	INFO	data_operation/save_data.go:120	7e0af26d-10a1-4b8f-9930-7448d85a0827 2023-07-23 23:00 无新数据
2023-07-23 12:15:02.607	INFO	data_operation/parsing_data.go:127	SaveDataWorker 从100缓冲通道接收
2023-07-23 12:15:02.639	INFO	db/operation.go:71	95acb47d-23b6-4352-8997-fbb06e0ca48a 没查到数据 select * from 58131r_2023 where date = '2023-07-23' and time = '11:50' order by id desc limit 1
2023-07-23 12:15:02.719	INFO	data_operation/save_data.go:117	95acb47d-23b6-4352-8997-fbb06e0ca48a 58131r_2023 插入实时数据 pk:1751
2023-07-23 12:15:03.540	INFO	http_requests/http_get_worker.go:62	95acb47d-23b6-4352-8997-fbb06e0ca48a HttpGetWorker 拿到html链接
2023-07-23 12:15:03.540	INFO	data_operation/get_data.go:29	f754b3d3-9be9-4e44-af2a-f9b588802b2c 58246 江苏省 泰州
2023-07-23 12:15:03.635	INFO	data_operation/parsing_data.go:127	SaveDataWorker 从100缓冲通道接收
2023-07-23 12:15:03.643	INFO	data_operation/parsing_data.go:46	解析html成功
2023-07-23 12:15:03.668	INFO	data_operation/save_data.go:120	95acb47d-23b6-4352-8997-fbb06e0ca48a 2023-07-23 14:00 无新数据
2023-07-23 12:15:03.700	INFO	data_operation/save_data.go:120	95acb47d-23b6-4352-8997-fbb06e0ca48a 2023-07-23 17:00 无新数据
2023-07-23 12:15:03.716	INFO	data_operation/save_data.go:120	95acb47d-23b6-4352-8997-fbb06e0ca48a 2023-07-23 20:00 无新数据
2023-07-23 12:15:03.748	INFO	data_operation/save_data.go:120	95acb47d-23b6-4352-8997-fbb06e0ca48a 2023-07-23 23:00 无新数据
2023-07-23 12:15:04.597	INFO	data_operation/parsing_data.go:127	SaveDataWorker 从100缓冲通道接收
2023-07-23 12:15:04.628	INFO	db/operation.go:71	f754b3d3-9be9-4e44-af2a-f9b588802b2c 没查到数据 select * from 58246r_2023 where date = '2023-07-23' and time = '11:50' order by id desc limit 1
2023-07-23 12:15:04.738	INFO	data_operation/save_data.go:117	f754b3d3-9be9-4e44-af2a-f9b588802b2c 58246r_2023 插入实时数据 pk:1752
2023-07-23 12:15:05.534	INFO	http_requests/http_get_worker.go:62	f754b3d3-9be9-4e44-af2a-f9b588802b2c HttpGetWorker 拿到html链接
2023-07-23 12:15:05.534	INFO	data_operation/get_data.go:29	e9643b3c-2fa2-48ac-b1c5-448ecd30304a 58354 江苏省 无锡
2023-07-23 12:15:05.613	INFO	data_operation/parsing_data.go:127	SaveDataWorker 从100缓冲通道接收
2023-07-23 12:15:05.620	INFO	data_operation/parsing_data.go:46	解析html成功
2023-07-23 12:15:05.644	INFO	data_operation/save_data.go:120	f754b3d3-9be9-4e44-af2a-f9b588802b2c 2023-07-23 14:00 无新数据
2023-07-23 12:15:05.676	INFO	data_operation/save_data.go:120	f754b3d3-9be9-4e44-af2a-f9b588802b2c 2023-07-23 17:00 无新数据
2023-07-23 12:15:05.700	INFO	data_operation/save_data.go:120	f754b3d3-9be9-4e44-af2a-f9b588802b2c 2023-07-23 20:00 无新数据
2023-07-23 12:15:05.724	INFO	data_operation/save_data.go:120	f754b3d3-9be9-4e44-af2a-f9b588802b2c 2023-07-23 23:00 无新数据
2023-07-23 12:15:06.629	INFO	data_operation/parsing_data.go:127	SaveDataWorker 从100缓冲通道接收
2023-07-23 12:15:06.631	DEBUG	data_operation/save_data.go:135	e9643b3c-2fa2-48ac-b1c5-448ecd30304a-没插入-发现9999
2023-07-23 12:15:07.544	INFO	http_requests/http_get_worker.go:62	e9643b3c-2fa2-48ac-b1c5-448ecd30304a HttpGetWorker 拿到html链接
2023-07-23 12:15:07.544	INFO	data_operation/get_data.go:29	ebf6e90f-f4ab-44f5-b7f6-04d57f5622dd 58027 江苏省 徐州
2023-07-23 12:15:07.601	INFO	data_operation/parsing_data.go:127	SaveDataWorker 从100缓冲通道接收
2023-07-23 12:15:07.603	INFO	data_operation/parsing_data.go:46	解析html成功
2023-07-23 12:15:07.624	INFO	data_operation/save_data.go:120	e9643b3c-2fa2-48ac-b1c5-448ecd30304a 2023-07-23 14:00 无新数据
2023-07-23 12:15:07.656	INFO	data_operation/save_data.go:120	e9643b3c-2fa2-48ac-b1c5-448ecd30304a 2023-07-23 17:00 无新数据
2023-07-23 12:15:07.672	INFO	data_operation/save_data.go:120	e9643b3c-2fa2-48ac-b1c5-448ecd30304a 2023-07-23 20:00 无新数据
2023-07-23 12:15:07.706	INFO	data_operation/save_data.go:120	e9643b3c-2fa2-48ac-b1c5-448ecd30304a 2023-07-23 23:00 无新数据
2023-07-23 12:15:08.603	INFO	data_operation/parsing_data.go:127	SaveDataWorker 从100缓冲通道接收
2023-07-23 12:15:08.633	INFO	db/operation.go:71	ebf6e90f-f4ab-44f5-b7f6-04d57f5622dd 没查到数据 select * from 58027r_2023 where date = '2023-07-23' and time = '11:50' order by id desc limit 1
2023-07-23 12:15:08.695	INFO	data_operation/save_data.go:117	ebf6e90f-f4ab-44f5-b7f6-04d57f5622dd 58027r_2023 插入实时数据 pk:1757
2023-07-23 12:15:09.542	INFO	http_requests/http_get_worker.go:62	ebf6e90f-f4ab-44f5-b7f6-04d57f5622dd HttpGetWorker 拿到html链接
2023-07-23 12:15:09.543	INFO	data_operation/get_data.go:29	972c4185-dbf8-4e33-ad17-2bf098a38b6a 58154 江苏省 盐城
2023-07-23 12:15:09.640	INFO	data_operation/parsing_data.go:127	SaveDataWorker 从100缓冲通道接收
2023-07-23 12:15:09.644	INFO	data_operation/parsing_data.go:46	解析html成功
2023-07-23 12:15:09.669	INFO	data_operation/save_data.go:120	ebf6e90f-f4ab-44f5-b7f6-04d57f5622dd 2023-07-23 14:00 无新数据
2023-07-23 12:15:09.685	INFO	data_operation/save_data.go:120	ebf6e90f-f4ab-44f5-b7f6-04d57f5622dd 2023-07-23 17:00 无新数据
2023-07-23 12:15:09.717	INFO	data_operation/save_data.go:120	ebf6e90f-f4ab-44f5-b7f6-04d57f5622dd 2023-07-23 20:00 无新数据
2023-07-23 12:15:09.748	INFO	data_operation/save_data.go:120	ebf6e90f-f4ab-44f5-b7f6-04d57f5622dd 2023-07-23 23:00 无新数据
2023-07-23 12:15:10.602	INFO	data_operation/parsing_data.go:127	SaveDataWorker 从100缓冲通道接收
2023-07-23 12:15:10.635	INFO	db/operation.go:71	972c4185-dbf8-4e33-ad17-2bf098a38b6a 没查到数据 select * from 58154r_2023 where date = '2023-07-23' and time = '11:50' order by id desc limit 1
2023-07-23 12:15:10.697	INFO	data_operation/save_data.go:117	972c4185-dbf8-4e33-ad17-2bf098a38b6a 58154r_2023 插入实时数据 pk:1750
2023-07-23 12:15:11.542	INFO	http_requests/http_get_worker.go:62	972c4185-dbf8-4e33-ad17-2bf098a38b6a HttpGetWorker 拿到html链接
2023-07-23 12:15:11.542	INFO	data_operation/get_data.go:29	3a57dc3b-6b26-4719-9148-eb58bbef6981 58245 江苏省 扬州
2023-07-23 12:15:11.641	INFO	data_operation/parsing_data.go:127	SaveDataWorker 从100缓冲通道接收
2023-07-23 12:15:11.645	INFO	data_operation/parsing_data.go:46	解析html成功
2023-07-23 12:15:11.676	INFO	data_operation/save_data.go:120	972c4185-dbf8-4e33-ad17-2bf098a38b6a 2023-07-23 14:00 无新数据
2023-07-23 12:15:11.709	INFO	data_operation/save_data.go:120	972c4185-dbf8-4e33-ad17-2bf098a38b6a 2023-07-23 17:00 无新数据
2023-07-23 12:15:11.724	INFO	data_operation/save_data.go:120	972c4185-dbf8-4e33-ad17-2bf098a38b6a 2023-07-23 20:00 无新数据
2023-07-23 12:15:11.755	INFO	data_operation/save_data.go:120	972c4185-dbf8-4e33-ad17-2bf098a38b6a 2023-07-23 23:00 无新数据
2023-07-23 12:15:12.590	INFO	data_operation/parsing_data.go:127	SaveDataWorker 从100缓冲通道接收
2023-07-23 12:15:12.605	DEBUG	data_operation/save_data.go:135	3a57dc3b-6b26-4719-9148-eb58bbef6981-没插入-发现9999
2023-07-23 12:15:13.536	INFO	http_requests/http_get_worker.go:62	3a57dc3b-6b26-4719-9148-eb58bbef6981 HttpGetWorker 拿到html链接
2023-07-23 12:15:13.536	INFO	data_operation/get_data.go:29	17ae2047-07d7-4817-9469-672075989a18 58248 江苏省 镇江
2023-07-23 12:15:13.600	INFO	data_operation/parsing_data.go:127	SaveDataWorker 从100缓冲通道接收
2023-07-23 12:15:13.606	INFO	data_operation/parsing_data.go:46	解析html成功
2023-07-23 12:15:13.629	INFO	data_operation/save_data.go:120	3a57dc3b-6b26-4719-9148-eb58bbef6981 2023-07-23 14:00 无新数据
2023-07-23 12:15:13.645	INFO	data_operation/save_data.go:120	3a57dc3b-6b26-4719-9148-eb58bbef6981 2023-07-23 17:00 无新数据
2023-07-23 12:15:13.676	INFO	data_operation/save_data.go:120	3a57dc3b-6b26-4719-9148-eb58bbef6981 2023-07-23 20:00 无新数据
2023-07-23 12:15:13.708	INFO	data_operation/save_data.go:120	3a57dc3b-6b26-4719-9148-eb58bbef6981 2023-07-23 23:00 无新数据
2023-07-23 12:15:14.603	INFO	data_operation/parsing_data.go:127	SaveDataWorker 从100缓冲通道接收
2023-07-23 12:15:14.625	INFO	data_operation/save_data.go:120	17ae2047-07d7-4817-9469-672075989a18 2023-07-23 11:50 无新数据
2023-07-23 12:15:15.547	INFO	http_requests/http_get_worker.go:62	17ae2047-07d7-4817-9469-672075989a18 HttpGetWorker 拿到html链接
2023-07-23 12:15:15.547	INFO	data_operation/get_data.go:29	13776428-47d9-4354-801c-7323e4345a05 58138 江苏省 盱眙
2023-07-23 12:15:15.611	INFO	data_operation/parsing_data.go:127	SaveDataWorker 从100缓冲通道接收
2023-07-23 12:15:15.622	INFO	data_operation/parsing_data.go:46	解析html成功
2023-07-23 12:15:15.643	INFO	data_operation/save_data.go:120	17ae2047-07d7-4817-9469-672075989a18 2023-07-23 14:00 无新数据
2023-07-23 12:15:15.675	INFO	data_operation/save_data.go:120	17ae2047-07d7-4817-9469-672075989a18 2023-07-23 17:00 无新数据
2023-07-23 12:15:15.707	INFO	data_operation/save_data.go:120	17ae2047-07d7-4817-9469-672075989a18 2023-07-23 20:00 无新数据
2023-07-23 12:15:15.730	INFO	data_operation/save_data.go:120	17ae2047-07d7-4817-9469-672075989a18 2023-07-23 23:00 无新数据
2023-07-23 12:15:16.590	INFO	data_operation/parsing_data.go:127	SaveDataWorker 从100缓冲通道接收
2023-07-23 12:15:16.633	INFO	db/operation.go:71	13776428-47d9-4354-801c-7323e4345a05 没查到数据 select * from 58138r_2023 where date = '2023-07-23' and time = '11:50' order by id desc limit 1
2023-07-23 12:15:16.744	INFO	data_operation/save_data.go:117	13776428-47d9-4354-801c-7323e4345a05 58138r_2023 插入实时数据 pk:1757
2023-07-23 12:15:17.548	INFO	http_requests/http_get_worker.go:62	13776428-47d9-4354-801c-7323e4345a05 HttpGetWorker 拿到html链接
2023-07-23 12:15:17.548	INFO	data_operation/get_data.go:29	08fb88f5-207d-49eb-a705-6dce4719b1bc 58148 江苏省 宝应
2023-07-23 12:15:17.619	INFO	data_operation/parsing_data.go:127	SaveDataWorker 从100缓冲通道接收
2023-07-23 12:15:17.622	INFO	data_operation/parsing_data.go:46	解析html成功
2023-07-23 12:15:17.641	INFO	data_operation/save_data.go:120	13776428-47d9-4354-801c-7323e4345a05 2023-07-23 14:00 无新数据
2023-07-23 12:15:17.672	INFO	data_operation/save_data.go:120	13776428-47d9-4354-801c-7323e4345a05 2023-07-23 17:00 无新数据
2023-07-23 12:15:17.688	INFO	data_operation/save_data.go:120	13776428-47d9-4354-801c-7323e4345a05 2023-07-23 20:00 无新数据
2023-07-23 12:15:17.720	INFO	data_operation/save_data.go:120	13776428-47d9-4354-801c-7323e4345a05 2023-07-23 23:00 无新数据
2023-07-23 12:15:18.619	INFO	data_operation/parsing_data.go:127	SaveDataWorker 从100缓冲通道接收
2023-07-23 12:15:18.637	INFO	data_operation/save_data.go:120	08fb88f5-207d-49eb-a705-6dce4719b1bc 2023-07-23 11:50 无新数据
2023-07-23 12:15:19.534	INFO	http_requests/http_get_worker.go:62	08fb88f5-207d-49eb-a705-6dce4719b1bc HttpGetWorker 拿到html链接
2023-07-23 12:15:19.534	INFO	data_operation/get_data.go:29	2312b88a-d66e-4a82-a4ee-985c69fc8d0d 58049 江苏省 滨海
2023-07-23 12:15:19.613	INFO	data_operation/parsing_data.go:127	SaveDataWorker 从100缓冲通道接收
2023-07-23 12:15:19.622	INFO	data_operation/parsing_data.go:46	解析html成功
2023-07-23 12:15:19.645	INFO	data_operation/save_data.go:120	08fb88f5-207d-49eb-a705-6dce4719b1bc 2023-07-23 14:00 无新数据
2023-07-23 12:15:19.677	INFO	data_operation/save_data.go:120	08fb88f5-207d-49eb-a705-6dce4719b1bc 2023-07-23 17:00 无新数据
2023-07-23 12:15:19.709	INFO	data_operation/save_data.go:120	08fb88f5-207d-49eb-a705-6dce4719b1bc 2023-07-23 20:00 无新数据
2023-07-23 12:15:19.725	INFO	data_operation/save_data.go:120	08fb88f5-207d-49eb-a705-6dce4719b1bc 2023-07-23 23:00 无新数据
2023-07-23 12:15:20.637	INFO	data_operation/parsing_data.go:127	SaveDataWorker 从100缓冲通道接收
2023-07-23 12:15:20.666	INFO	data_operation/save_data.go:120	2312b88a-d66e-4a82-a4ee-985c69fc8d0d 2023-07-23 11:50 无新数据
2023-07-23 12:15:21.544	INFO	http_requests/http_get_worker.go:62	2312b88a-d66e-4a82-a4ee-985c69fc8d0d HttpGetWorker 拿到html链接
2023-07-23 12:15:21.544	INFO	data_operation/get_data.go:29	46c392fc-2699-42f7-859b-1c2d5523b84e 58352 江苏省 常熟
2023-07-23 12:15:21.640	INFO	data_operation/parsing_data.go:127	SaveDataWorker 从100缓冲通道接收
2023-07-23 12:15:21.645	INFO	data_operation/parsing_data.go:46	解析html成功
2023-07-23 12:15:21.655	INFO	data_operation/save_data.go:120	2312b88a-d66e-4a82-a4ee-985c69fc8d0d 2023-07-23 14:00 无新数据
2023-07-23 12:15:21.687	INFO	data_operation/save_data.go:120	2312b88a-d66e-4a82-a4ee-985c69fc8d0d 2023-07-23 17:00 无新数据
2023-07-23 12:15:21.719	INFO	data_operation/save_data.go:120	2312b88a-d66e-4a82-a4ee-985c69fc8d0d 2023-07-23 20:00 无新数据
2023-07-23 12:15:21.751	INFO	data_operation/save_data.go:120	2312b88a-d66e-4a82-a4ee-985c69fc8d0d 2023-07-23 23:00 无新数据
2023-07-23 12:15:22.613	INFO	data_operation/parsing_data.go:127	SaveDataWorker 从100缓冲通道接收
2023-07-23 12:15:22.623	DEBUG	data_operation/save_data.go:135	46c392fc-2699-42f7-859b-1c2d5523b84e-没插入-发现9999
2023-07-23 12:15:23.543	INFO	http_requests/http_get_worker.go:62	46c392fc-2699-42f7-859b-1c2d5523b84e HttpGetWorker 拿到html链接
2023-07-23 12:15:23.544	INFO	data_operation/get_data.go:29	91137258-7bd6-449e-8c7f-7efbcac5ddd6 58158 江苏省 大丰
2023-07-23 12:15:23.622	INFO	data_operation/parsing_data.go:127	SaveDataWorker 从100缓冲通道接收
2023-07-23 12:15:23.631	INFO	data_operation/parsing_data.go:46	解析html成功
2023-07-23 12:15:23.654	INFO	data_operation/save_data.go:120	46c392fc-2699-42f7-859b-1c2d5523b84e 2023-07-23 14:00 无新数据
2023-07-23 12:15:23.686	INFO	data_operation/save_data.go:120	46c392fc-2699-42f7-859b-1c2d5523b84e 2023-07-23 17:00 无新数据
2023-07-23 12:15:23.702	INFO	data_operation/save_data.go:120	46c392fc-2699-42f7-859b-1c2d5523b84e 2023-07-23 20:00 无新数据
2023-07-23 12:15:23.734	INFO	data_operation/save_data.go:120	46c392fc-2699-42f7-859b-1c2d5523b84e 2023-07-23 23:00 无新数据
2023-07-23 12:15:24.592	INFO	data_operation/parsing_data.go:127	SaveDataWorker 从100缓冲通道接收
2023-07-23 12:15:24.631	INFO	data_operation/save_data.go:120	91137258-7bd6-449e-8c7f-7efbcac5ddd6 2023-07-23 11:50 无新数据
2023-07-23 12:15:25.542	INFO	http_requests/http_get_worker.go:62	91137258-7bd6-449e-8c7f-7efbcac5ddd6 HttpGetWorker 拿到html链接
2023-07-23 12:15:25.542	INFO	data_operation/get_data.go:29	2c9e62be-2db6-44d0-ab20-ee020b1c2ad3 58341 江苏省 丹阳
2023-07-23 12:15:25.597	INFO	data_operation/parsing_data.go:127	SaveDataWorker 从100缓冲通道接收
2023-07-23 12:15:25.599	INFO	data_operation/parsing_data.go:46	解析html成功
2023-07-23 12:15:25.621	INFO	data_operation/save_data.go:120	91137258-7bd6-449e-8c7f-7efbcac5ddd6 2023-07-23 14:00 无新数据
2023-07-23 12:15:25.652	INFO	data_operation/save_data.go:120	91137258-7bd6-449e-8c7f-7efbcac5ddd6 2023-07-23 17:00 无新数据
2023-07-23 12:15:25.668	INFO	data_operation/save_data.go:120	91137258-7bd6-449e-8c7f-7efbcac5ddd6 2023-07-23 20:00 无新数据
2023-07-23 12:15:25.700	INFO	data_operation/save_data.go:120	91137258-7bd6-449e-8c7f-7efbcac5ddd6 2023-07-23 23:00 无新数据
2023-07-23 12:15:26.609	INFO	data_operation/parsing_data.go:127	SaveDataWorker 从100缓冲通道接收
2023-07-23 12:15:26.641	INFO	data_operation/save_data.go:120	2c9e62be-2db6-44d0-ab20-ee020b1c2ad3 2023-07-23 11:50 无新数据
2023-07-23 16:25:10.424	INFO	data_operation/get_data.go:29	2f216408-ca51-483e-97bd-6205970ecae3 58238 江苏省 南京
2023-07-23 16:25:11.269	INFO	data_operation/parsing_data.go:127	SaveDataWorker 从100缓冲通道接收
2023-07-23 16:25:11.302	INFO	db/operation.go:88	2f216408-ca51-483e-97bd-6205970ecae3 没查到数据 select * from 58238r_2023 where date = '2023-07-23' and time = '16:00' order by id desc limit 1
2023-07-23 16:25:11.365	INFO	data_operation/save_data.go:117	2f216408-ca51-483e-97bd-6205970ecae3 58238r_2023 插入实时数据 pk:1785
2023-07-23 16:25:12.187	INFO	http_requests/http_get_worker.go:62	2f216408-ca51-483e-97bd-6205970ecae3 HttpGetWorker 拿到html链接
2023-07-23 16:25:12.188	INFO	data_operation/get_data.go:29	e3ca4d2b-a51f-4192-9463-34940c078639 58343 江苏省 常州
2023-07-23 16:25:12.222	INFO	data_operation/parsing_data.go:127	SaveDataWorker 从100缓冲通道接收
2023-07-23 16:25:12.224	INFO	data_operation/parsing_data.go:46	解析html成功
2023-07-23 16:25:12.251	INFO	data_operation/save_data.go:120	2f216408-ca51-483e-97bd-6205970ecae3 2023-07-23 17:00 无新数据
2023-07-23 16:25:12.283	INFO	data_operation/save_data.go:120	2f216408-ca51-483e-97bd-6205970ecae3 2023-07-23 20:00 无新数据
2023-07-23 16:25:12.301	INFO	data_operation/save_data.go:120	2f216408-ca51-483e-97bd-6205970ecae3 2023-07-23 23:00 无新数据
2023-07-23 16:25:13.240	INFO	data_operation/parsing_data.go:127	SaveDataWorker 从100缓冲通道接收
2023-07-23 16:25:13.251	DEBUG	data_operation/save_data.go:135	e3ca4d2b-a51f-4192-9463-34940c078639-没插入-发现9999
2023-07-23 16:25:14.188	INFO	http_requests/http_get_worker.go:62	e3ca4d2b-a51f-4192-9463-34940c078639 HttpGetWorker 拿到html链接
2023-07-23 16:25:14.188	INFO	data_operation/get_data.go:29	21461eed-e611-4655-97de-107016dea598 58145 江苏省 楚州
2023-07-23 16:25:14.243	INFO	data_operation/parsing_data.go:127	SaveDataWorker 从100缓冲通道接收
2023-07-23 16:25:14.252	INFO	data_operation/parsing_data.go:46	解析html成功
2023-07-23 16:25:14.268	INFO	data_operation/save_data.go:120	e3ca4d2b-a51f-4192-9463-34940c078639 2023-07-23 17:00 无新数据
2023-07-23 16:25:14.302	INFO	data_operation/save_data.go:120	e3ca4d2b-a51f-4192-9463-34940c078639 2023-07-23 20:00 无新数据
2023-07-23 16:25:14.332	INFO	data_operation/save_data.go:120	e3ca4d2b-a51f-4192-9463-34940c078639 2023-07-23 23:00 无新数据
2023-07-23 16:25:15.219	INFO	data_operation/parsing_data.go:127	SaveDataWorker 从100缓冲通道接收
2023-07-23 16:25:15.245	INFO	db/operation.go:88	21461eed-e611-4655-97de-107016dea598 没查到数据 select * from 58145r_2023 where date = '2023-07-23' and time = '16:00' order by id desc limit 1
2023-07-23 16:25:15.364	INFO	data_operation/save_data.go:117	21461eed-e611-4655-97de-107016dea598 58145r_2023 插入实时数据 pk:1772
2023-07-23 16:25:16.185	INFO	http_requests/http_get_worker.go:62	21461eed-e611-4655-97de-107016dea598 HttpGetWorker 拿到html链接
2023-07-23 16:25:16.185	INFO	data_operation/get_data.go:29	d6399905-5783-4e12-b838-f247125efa93 58251 江苏省 东台
2023-07-23 16:25:16.229	INFO	data_operation/parsing_data.go:127	SaveDataWorker 从100缓冲通道接收
2023-07-23 16:25:16.232	INFO	data_operation/parsing_data.go:46	解析html成功
2023-07-23 16:25:16.257	INFO	data_operation/save_data.go:120	21461eed-e611-4655-97de-107016dea598 2023-07-23 17:00 无新数据
2023-07-23 16:25:16.288	INFO	data_operation/save_data.go:120	21461eed-e611-4655-97de-107016dea598 2023-07-23 20:00 无新数据
2023-07-23 16:25:16.320	INFO	data_operation/save_data.go:120	21461eed-e611-4655-97de-107016dea598 2023-07-23 23:00 无新数据
2023-07-23 16:25:17.247	INFO	data_operation/parsing_data.go:127	SaveDataWorker 从100缓冲通道接收
2023-07-23 16:25:17.277	INFO	db/operation.go:88	d6399905-5783-4e12-b838-f247125efa93 没查到数据 select * from 58251r_2023 where date = '2023-07-23' and time = '16:00' order by id desc limit 1
2023-07-23 16:25:17.372	INFO	data_operation/save_data.go:117	d6399905-5783-4e12-b838-f247125efa93 58251r_2023 插入实时数据 pk:1761
2023-07-23 16:25:18.199	INFO	http_requests/http_get_worker.go:62	d6399905-5783-4e12-b838-f247125efa93 HttpGetWorker 拿到html链接
2023-07-23 16:25:18.200	INFO	data_operation/get_data.go:29	48da6f48-548f-4f59-8d8e-f08070fa770d 58040 江苏省 赣榆
2023-07-23 16:25:18.250	INFO	data_operation/parsing_data.go:127	SaveDataWorker 从100缓冲通道接收
2023-07-23 16:25:18.252	INFO	data_operation/parsing_data.go:46	解析html成功
2023-07-23 16:25:18.266	INFO	data_operation/save_data.go:120	d6399905-5783-4e12-b838-f247125efa93 2023-07-23 17:00 无新数据
2023-07-23 16:25:18.298	INFO	data_operation/save_data.go:120	d6399905-5783-4e12-b838-f247125efa93 2023-07-23 20:00 无新数据
2023-07-23 16:25:18.330	INFO	data_operation/save_data.go:120	d6399905-5783-4e12-b838-f247125efa93 2023-07-23 23:00 无新数据
2023-07-23 16:25:43.190	INFO	data_operation/get_data.go:29	c20c0038-f508-48b1-9f5c-2e444211ee8f 58238 江苏省 南京
2023-07-23 16:25:43.802	INFO	data_operation/get_data.go:29	ad2c6c88-ffe3-416b-bd0e-0ebc2c7787cf 58343 江苏省 常州
2023-07-23 16:25:43.803	INFO	http_requests/http_get_worker.go:62	c20c0038-f508-48b1-9f5c-2e444211ee8f HttpGetWorker 拿到html链接
2023-07-23 16:25:43.904	INFO	data_operation/parsing_data.go:127	SaveDataWorker 从100缓冲通道接收
2023-07-23 16:25:43.908	INFO	data_operation/parsing_data.go:46	解析html成功
2023-07-23 16:25:43.911	INFO	data_operation/parsing_data.go:127	SaveDataWorker 从100缓冲通道接收
2023-07-23 16:25:43.943	INFO	data_operation/save_data.go:120	c20c0038-f508-48b1-9f5c-2e444211ee8f 2023-07-23 17:00 无新数据
2023-07-23 16:25:43.975	INFO	data_operation/save_data.go:120	c20c0038-f508-48b1-9f5c-2e444211ee8f 2023-07-23 20:00 无新数据
2023-07-23 16:25:44.004	INFO	data_operation/save_data.go:120	c20c0038-f508-48b1-9f5c-2e444211ee8f 2023-07-23 23:00 无新数据
2023-07-23 16:25:44.087	INFO	data_operation/save_data.go:120	c20c0038-f508-48b1-9f5c-2e444211ee8f 2023-07-23 16:00 无新数据
2023-07-23 16:25:44.790	INFO	data_operation/get_data.go:29	44e1d064-726c-44e8-a36f-4268f17f0a4a 58145 江苏省 楚州
2023-07-23 16:25:44.793	INFO	http_requests/http_get_worker.go:62	ad2c6c88-ffe3-416b-bd0e-0ebc2c7787cf HttpGetWorker 拿到html链接
2023-07-23 16:25:44.838	INFO	data_operation/parsing_data.go:127	SaveDataWorker 从100缓冲通道接收
2023-07-23 16:25:44.848	INFO	data_operation/parsing_data.go:46	解析html成功
2023-07-23 16:25:44.849	INFO	data_operation/parsing_data.go:127	SaveDataWorker 从100缓冲通道接收
2023-07-23 16:25:44.851	DEBUG	data_operation/save_data.go:135	ad2c6c88-ffe3-416b-bd0e-0ebc2c7787cf-没插入-发现9999
2023-07-23 16:25:44.880	INFO	data_operation/save_data.go:120	ad2c6c88-ffe3-416b-bd0e-0ebc2c7787cf 2023-07-23 17:00 无新数据
2023-07-23 16:25:44.911	INFO	data_operation/save_data.go:120	ad2c6c88-ffe3-416b-bd0e-0ebc2c7787cf 2023-07-23 20:00 无新数据
2023-07-23 16:25:44.940	INFO	data_operation/save_data.go:120	ad2c6c88-ffe3-416b-bd0e-0ebc2c7787cf 2023-07-23 23:00 无新数据
2023-07-23 16:25:45.791	INFO	data_operation/get_data.go:29	209d4801-cf0f-42ab-bc4f-815059d57df0 58251 江苏省 东台
2023-07-23 16:25:45.792	INFO	http_requests/http_get_worker.go:62	44e1d064-726c-44e8-a36f-4268f17f0a4a HttpGetWorker 拿到html链接
2023-07-23 16:25:45.837	INFO	data_operation/parsing_data.go:127	SaveDataWorker 从100缓冲通道接收
2023-07-23 16:25:45.868	INFO	data_operation/parsing_data.go:127	SaveDataWorker 从100缓冲通道接收
2023-07-23 16:25:45.878	INFO	data_operation/parsing_data.go:46	解析html成功
2023-07-23 16:25:45.884	INFO	data_operation/save_data.go:120	44e1d064-726c-44e8-a36f-4268f17f0a4a 2023-07-23 16:00 无新数据
2023-07-23 16:25:45.901	INFO	data_operation/save_data.go:120	44e1d064-726c-44e8-a36f-4268f17f0a4a 2023-07-23 17:00 无新数据
2023-07-23 16:25:45.933	INFO	data_operation/save_data.go:120	44e1d064-726c-44e8-a36f-4268f17f0a4a 2023-07-23 20:00 无新数据
2023-07-23 16:25:45.965	INFO	data_operation/save_data.go:120	44e1d064-726c-44e8-a36f-4268f17f0a4a 2023-07-23 23:00 无新数据
2023-07-23 16:25:46.795	INFO	data_operation/get_data.go:29	8df41284-30d8-4ba3-b80d-6647e09aa72d 58040 江苏省 赣榆
2023-07-23 16:25:46.796	INFO	http_requests/http_get_worker.go:62	209d4801-cf0f-42ab-bc4f-815059d57df0 HttpGetWorker 拿到html链接
2023-07-23 16:25:46.843	INFO	data_operation/parsing_data.go:127	SaveDataWorker 从100缓冲通道接收
2023-07-23 16:25:46.857	INFO	data_operation/parsing_data.go:46	解析html成功
2023-07-23 16:25:46.859	INFO	data_operation/parsing_data.go:127	SaveDataWorker 从100缓冲通道接收
2023-07-23 16:25:46.874	INFO	data_operation/save_data.go:120	209d4801-cf0f-42ab-bc4f-815059d57df0 2023-07-23 17:00 无新数据
2023-07-23 16:25:46.890	INFO	data_operation/save_data.go:120	209d4801-cf0f-42ab-bc4f-815059d57df0 2023-07-23 16:00 无新数据
2023-07-23 16:25:46.906	INFO	data_operation/save_data.go:120	209d4801-cf0f-42ab-bc4f-815059d57df0 2023-07-23 20:00 无新数据
2023-07-23 16:25:46.939	INFO	data_operation/save_data.go:120	209d4801-cf0f-42ab-bc4f-815059d57df0 2023-07-23 23:00 无新数据
2023-07-23 16:25:47.796	INFO	data_operation/get_data.go:29	bbd361a9-62ca-4272-af8c-9eef53a2be94 58241 江苏省 高邮
2023-07-23 16:25:47.796	INFO	http_requests/http_get_worker.go:62	8df41284-30d8-4ba3-b80d-6647e09aa72d HttpGetWorker 拿到html链接
2023-07-23 16:25:47.855	INFO	data_operation/parsing_data.go:127	SaveDataWorker 从100缓冲通道接收
2023-07-23 16:25:47.857	INFO	data_operation/parsing_data.go:46	解析html成功
2023-07-23 16:25:47.876	INFO	data_operation/parsing_data.go:127	SaveDataWorker 从100缓冲通道接收
2023-07-23 16:25:47.879	DEBUG	data_operation/save_data.go:135	8df41284-30d8-4ba3-b80d-6647e09aa72d-没插入-发现9999
2023-07-23 16:25:47.880	INFO	data_operation/save_data.go:120	8df41284-30d8-4ba3-b80d-6647e09aa72d 2023-07-23 17:00 无新数据
2023-07-23 16:25:47.909	INFO	data_operation/save_data.go:120	8df41284-30d8-4ba3-b80d-6647e09aa72d 2023-07-23 20:00 无新数据
2023-07-23 16:25:47.940	INFO	data_operation/save_data.go:120	8df41284-30d8-4ba3-b80d-6647e09aa72d 2023-07-23 23:00 无新数据
2023-07-23 16:25:48.801	INFO	data_operation/get_data.go:29	6d6db715-30cf-4b69-a0f0-f38dfc1f0edf 58044 江苏省 连云港
2023-07-23 16:25:48.802	INFO	http_requests/http_get_worker.go:62	bbd361a9-62ca-4272-af8c-9eef53a2be94 HttpGetWorker 拿到html链接
2023-07-23 16:25:48.853	INFO	data_operation/parsing_data.go:127	SaveDataWorker 从100缓冲通道接收
2023-07-23 16:25:48.855	INFO	data_operation/parsing_data.go:46	解析html成功
2023-07-23 16:25:48.882	INFO	data_operation/parsing_data.go:127	SaveDataWorker 从100缓冲通道接收
2023-07-23 16:25:48.885	INFO	data_operation/save_data.go:120	bbd361a9-62ca-4272-af8c-9eef53a2be94 2023-07-23 17:00 无新数据
2023-07-23 16:25:48.885	DEBUG	data_operation/save_data.go:135	bbd361a9-62ca-4272-af8c-9eef53a2be94-没插入-发现9999
2023-07-23 16:25:48.914	INFO	data_operation/save_data.go:120	bbd361a9-62ca-4272-af8c-9eef53a2be94 2023-07-23 20:00 无新数据
2023-07-23 16:25:48.931	INFO	data_operation/save_data.go:120	bbd361a9-62ca-4272-af8c-9eef53a2be94 2023-07-23 23:00 无新数据
2023-07-23 16:25:49.791	INFO	data_operation/get_data.go:29	07eb76b1-9254-4ca8-a80c-bcebfa891f9d 58259 江苏省 南通
2023-07-23 16:25:49.793	INFO	http_requests/http_get_worker.go:62	6d6db715-30cf-4b69-a0f0-f38dfc1f0edf HttpGetWorker 拿到html链接
2023-07-23 16:25:49.830	INFO	data_operation/parsing_data.go:127	SaveDataWorker 从100缓冲通道接收
2023-07-23 16:25:49.834	INFO	data_operation/parsing_data.go:46	解析html成功
2023-07-23 16:25:49.855	INFO	data_operation/save_data.go:120	6d6db715-30cf-4b69-a0f0-f38dfc1f0edf 2023-07-23 17:00 无新数据
2023-07-23 16:25:49.867	INFO	data_operation/parsing_data.go:127	SaveDataWorker 从100缓冲通道接收
2023-07-23 16:25:49.868	DEBUG	data_operation/save_data.go:135	6d6db715-30cf-4b69-a0f0-f38dfc1f0edf-没插入-发现9999
2023-07-23 16:25:49.887	INFO	data_operation/save_data.go:120	6d6db715-30cf-4b69-a0f0-f38dfc1f0edf 2023-07-23 20:00 无新数据
2023-07-23 16:25:49.919	INFO	data_operation/save_data.go:120	6d6db715-30cf-4b69-a0f0-f38dfc1f0edf 2023-07-23 23:00 无新数据
2023-07-23 16:29:56.381	INFO	data_operation/get_data.go:29	309bfa0f-2b76-4a9b-b399-4ec9f305834a 58238 江苏省 南京
2023-07-23 16:29:57.172	INFO	data_operation/get_data.go:29	171a7afb-c1cc-4507-a647-963e68f64c69 58343 江苏省 常州
2023-07-23 16:29:57.172	INFO	http_requests/http_get_worker.go:61	309bfa0f-2b76-4a9b-b399-4ec9f305834a HttpGetWorker 拿到html链接
2023-07-23 16:29:57.234	INFO	data_operation/parsing_data.go:127	SaveDataWorker 从100缓冲通道接收
2023-07-23 16:29:57.236	DEBUG	data_operation/save_data.go:135	171a7afb-c1cc-4507-a647-963e68f64c69-没插入-发现9999
2023-07-23 16:29:57.240	INFO	data_operation/parsing_data.go:127	SaveDataWorker 从100缓冲通道接收
2023-07-23 16:29:57.241	INFO	data_operation/parsing_data.go:127	SaveDataWorker 从100缓冲通道接收
2023-07-23 16:29:57.243	INFO	data_operation/parsing_data.go:46	解析html成功
2023-07-23 16:29:57.409	INFO	data_operation/save_data.go:120	309bfa0f-2b76-4a9b-b399-4ec9f305834a 2023-07-23 17:00 无新数据
2023-07-23 16:29:57.412	INFO	db/operation.go:88	309bfa0f-2b76-4a9b-b399-4ec9f305834a 没查到数据 select * from 58238r_2023 where date = '2023-07-23' and time = '16:05' order by id desc limit 1
2023-07-23 16:29:57.435	INFO	data_operation/save_data.go:120	309bfa0f-2b76-4a9b-b399-4ec9f305834a 2023-07-23 20:00 无新数据
2023-07-23 16:29:57.458	INFO	data_operation/save_data.go:120	309bfa0f-2b76-4a9b-b399-4ec9f305834a 2023-07-23 23:00 无新数据
2023-07-23 16:29:57.488	INFO	data_operation/save_data.go:117	309bfa0f-2b76-4a9b-b399-4ec9f305834a 58238r_2023 插入实时数据 pk:1786
2023-07-23 16:29:58.177	INFO	http_requests/http_get_worker.go:61	171a7afb-c1cc-4507-a647-963e68f64c69 HttpGetWorker 拿到html链接
2023-07-23 16:29:58.177	INFO	data_operation/get_data.go:29	6c0b9e98-6faa-4545-bbf0-0a5e290c726c 58145 江苏省 楚州
2023-07-23 16:29:58.179	INFO	data_operation/get_data.go:29	8d238022-621a-42e2-991d-2fc854afe266 58251 江苏省 东台
2023-07-23 16:29:58.179	INFO	http_requests/http_get_worker.go:61	6c0b9e98-6faa-4545-bbf0-0a5e290c726c HttpGetWorker 拿到html链接
2023-07-23 16:29:58.242	INFO	data_operation/parsing_data.go:127	SaveDataWorker 从100缓冲通道接收
2023-07-23 16:29:58.245	INFO	data_operation/parsing_data.go:46	解析html成功
2023-07-23 16:29:58.247	INFO	data_operation/parsing_data.go:127	SaveDataWorker 从100缓冲通道接收
2023-07-23 16:29:58.285	INFO	db/operation.go:88	6c0b9e98-6faa-4545-bbf0-0a5e290c726c 没查到数据 select * from 58145r_2023 where date = '2023-07-23' and time = '16:05' order by id desc limit 1
2023-07-23 16:29:58.285	INFO	data_operation/parsing_data.go:127	SaveDataWorker 从100缓冲通道接收
2023-07-23 16:29:58.285	INFO	data_operation/save_data.go:120	171a7afb-c1cc-4507-a647-963e68f64c69 2023-07-23 17:00 无新数据
2023-07-23 16:29:58.288	INFO	data_operation/parsing_data.go:46	解析html成功
2023-07-23 16:29:58.319	INFO	data_operation/save_data.go:120	171a7afb-c1cc-4507-a647-963e68f64c69 2023-07-23 20:00 无新数据
2023-07-23 16:29:58.323	INFO	data_operation/save_data.go:120	6c0b9e98-6faa-4545-bbf0-0a5e290c726c 2023-07-23 17:00 无新数据
2023-07-23 16:29:58.352	INFO	data_operation/save_data.go:120	6c0b9e98-6faa-4545-bbf0-0a5e290c726c 2023-07-23 20:00 无新数据
2023-07-23 16:29:58.356	INFO	data_operation/save_data.go:120	171a7afb-c1cc-4507-a647-963e68f64c69 2023-07-23 23:00 无新数据
2023-07-23 16:29:58.367	INFO	data_operation/save_data.go:117	6c0b9e98-6faa-4545-bbf0-0a5e290c726c 58145r_2023 插入实时数据 pk:1773
2023-07-23 16:29:58.383	INFO	data_operation/save_data.go:120	6c0b9e98-6faa-4545-bbf0-0a5e290c726c 2023-07-23 23:00 无新数据
2023-07-23 16:30:30.549	INFO	data_operation/get_data.go:29	58f754a4-3551-459c-b4f8-3f66d2e07552 58238 江苏省 南京
2023-07-23 16:30:32.234	INFO	data_operation/get_data.go:29	10a53b7c-b8be-4b3a-af0b-577f9df9bce5 58343 江苏省 常州
2023-07-23 16:30:32.234	INFO	http_requests/http_get_worker.go:61	58f754a4-3551-459c-b4f8-3f66d2e07552 HttpGetWorker 拿到html链接
2023-07-23 16:30:32.322	INFO	data_operation/parsing_data.go:127	SaveDataWorker 从100缓冲通道接收
2023-07-23 16:30:32.325	INFO	data_operation/parsing_data.go:46	解析html成功
2023-07-23 16:30:32.327	INFO	data_operation/parsing_data.go:127	SaveDataWorker 从100缓冲通道接收
2023-07-23 16:30:32.332	INFO	data_operation/parsing_data.go:127	SaveDataWorker 从100缓冲通道接收
2023-07-23 16:30:32.333	DEBUG	data_operation/save_data.go:135	10a53b7c-b8be-4b3a-af0b-577f9df9bce5-没插入-发现9999
2023-07-23 16:30:32.360	INFO	data_operation/save_data.go:120	58f754a4-3551-459c-b4f8-3f66d2e07552 2023-07-23 17:00 无新数据
2023-07-23 16:30:32.376	INFO	data_operation/save_data.go:120	58f754a4-3551-459c-b4f8-3f66d2e07552 2023-07-23 20:00 无新数据
2023-07-23 16:30:32.408	INFO	data_operation/save_data.go:120	58f754a4-3551-459c-b4f8-3f66d2e07552 2023-07-23 23:00 无新数据
2023-07-23 16:30:32.476	INFO	data_operation/save_data.go:120	58f754a4-3551-459c-b4f8-3f66d2e07552 2023-07-23 16:05 无新数据
2023-07-23 16:30:34.242	INFO	http_requests/http_get_worker.go:61	10a53b7c-b8be-4b3a-af0b-577f9df9bce5 HttpGetWorker 拿到html链接
2023-07-23 16:30:34.242	INFO	data_operation/get_data.go:29	5bdb9d8c-a2af-4120-a156-a21344536444 58145 江苏省 楚州
2023-07-23 16:30:34.245	INFO	data_operation/get_data.go:29	474d64f6-2257-4bb6-b9fe-6de5b5e2e9ff 58251 江苏省 东台
2023-07-23 16:30:34.245	INFO	http_requests/http_get_worker.go:61	5bdb9d8c-a2af-4120-a156-a21344536444 HttpGetWorker 拿到html链接
2023-07-23 16:30:34.293	INFO	data_operation/parsing_data.go:127	SaveDataWorker 从100缓冲通道接收
2023-07-23 16:30:34.296	INFO	data_operation/parsing_data.go:127	SaveDataWorker 从100缓冲通道接收
2023-07-23 16:30:34.301	INFO	data_operation/parsing_data.go:46	解析html成功
2023-07-23 16:30:34.323	INFO	data_operation/save_data.go:120	5bdb9d8c-a2af-4120-a156-a21344536444 2023-07-23 16:05 无新数据
2023-07-23 16:30:34.323	INFO	data_operation/parsing_data.go:127	SaveDataWorker 从100缓冲通道接收
2023-07-23 16:30:34.327	INFO	data_operation/parsing_data.go:46	解析html成功
2023-07-23 16:30:34.328	INFO	data_operation/save_data.go:120	10a53b7c-b8be-4b3a-af0b-577f9df9bce5 2023-07-23 17:00 无新数据
2023-07-23 16:30:34.368	INFO	data_operation/save_data.go:120	10a53b7c-b8be-4b3a-af0b-577f9df9bce5 2023-07-23 20:00 无新数据
2023-07-23 16:30:34.369	INFO	data_operation/save_data.go:120	5bdb9d8c-a2af-4120-a156-a21344536444 2023-07-23 17:00 无新数据
2023-07-23 16:30:34.385	INFO	data_operation/save_data.go:120	5bdb9d8c-a2af-4120-a156-a21344536444 2023-07-23 20:00 无新数据
2023-07-23 16:30:34.393	INFO	data_operation/save_data.go:120	10a53b7c-b8be-4b3a-af0b-577f9df9bce5 2023-07-23 23:00 无新数据
2023-07-23 16:30:34.417	INFO	data_operation/save_data.go:120	5bdb9d8c-a2af-4120-a156-a21344536444 2023-07-23 23:00 无新数据
2023-07-23 16:30:36.244	INFO	data_operation/get_data.go:29	939d5171-032b-478a-9284-68f1355898c0 58040 江苏省 赣榆
2023-07-23 16:30:36.245	INFO	http_requests/http_get_worker.go:61	474d64f6-2257-4bb6-b9fe-6de5b5e2e9ff HttpGetWorker 拿到html链接
2023-07-23 16:30:36.309	INFO	data_operation/parsing_data.go:127	SaveDataWorker 从100缓冲通道接收
2023-07-23 16:30:36.309	INFO	data_operation/parsing_data.go:127	SaveDataWorker 从100缓冲通道接收
2023-07-23 16:30:36.311	DEBUG	data_operation/save_data.go:135	939d5171-032b-478a-9284-68f1355898c0-没插入-发现9999
2023-07-23 16:30:36.341	INFO	data_operation/parsing_data.go:127	SaveDataWorker 从100缓冲通道接收
2023-07-23 16:30:36.343	INFO	data_operation/parsing_data.go:46	解析html成功
2023-07-23 16:30:36.343	INFO	db/operation.go:88	474d64f6-2257-4bb6-b9fe-6de5b5e2e9ff 没查到数据 select * from 58251r_2023 where date = '2023-07-23' and time = '16:05' order by id desc limit 1
2023-07-23 16:30:36.370	INFO	data_operation/save_data.go:120	474d64f6-2257-4bb6-b9fe-6de5b5e2e9ff 2023-07-23 17:00 无新数据
2023-07-23 16:30:36.386	INFO	data_operation/save_data.go:120	474d64f6-2257-4bb6-b9fe-6de5b5e2e9ff 2023-07-23 20:00 无新数据
2023-07-23 16:30:36.402	INFO	data_operation/save_data.go:117	474d64f6-2257-4bb6-b9fe-6de5b5e2e9ff 58251r_2023 插入实时数据 pk:1762
2023-07-23 16:30:36.419	INFO	data_operation/save_data.go:120	474d64f6-2257-4bb6-b9fe-6de5b5e2e9ff 2023-07-23 23:00 无新数据
2023-07-23 16:30:45.570	INFO	data_operation/get_data.go:29	86d9be5d-3d23-4fd8-bd53-24da0383cff3 58238 江苏省 南京
2023-07-23 16:30:50.366	INFO	data_operation/get_data.go:29	01d4f1c2-872d-4f2b-bff3-6d12e947c654 58343 江苏省 常州
2023-07-23 16:30:50.366	INFO	http_requests/http_get_worker.go:61	86d9be5d-3d23-4fd8-bd53-24da0383cff3 HttpGetWorker 拿到html链接
2023-07-23 16:30:50.561	INFO	data_operation/parsing_data.go:127	SaveDataWorker 从100缓冲通道接收
2023-07-23 16:30:50.578	INFO	data_operation/parsing_data.go:127	SaveDataWorker 从100缓冲通道接收
2023-07-23 16:30:50.578	INFO	data_operation/parsing_data.go:127	SaveDataWorker 从100缓冲通道接收
2023-07-23 16:30:50.578	DEBUG	data_operation/save_data.go:135	01d4f1c2-872d-4f2b-bff3-6d12e947c654-没插入-发现9999
2023-07-23 16:30:50.581	INFO	data_operation/parsing_data.go:46	解析html成功
2023-07-23 16:30:50.604	INFO	data_operation/save_data.go:120	86d9be5d-3d23-4fd8-bd53-24da0383cff3 2023-07-23 16:05 无新数据
2023-07-23 16:30:50.716	INFO	data_operation/save_data.go:120	86d9be5d-3d23-4fd8-bd53-24da0383cff3 2023-07-23 17:00 无新数据
2023-07-23 16:30:50.748	INFO	data_operation/save_data.go:120	86d9be5d-3d23-4fd8-bd53-24da0383cff3 2023-07-23 20:00 无新数据
2023-07-23 16:30:50.775	INFO	data_operation/save_data.go:120	86d9be5d-3d23-4fd8-bd53-24da0383cff3 2023-07-23 23:00 无新数据
2023-07-23 16:30:55.371	INFO	http_requests/http_get_worker.go:61	01d4f1c2-872d-4f2b-bff3-6d12e947c654 HttpGetWorker 拿到html链接
2023-07-23 16:30:55.371	INFO	data_operation/get_data.go:29	3139ca4d-e14c-477a-bd58-a6a5dd4f7b93 58145 江苏省 楚州
2023-07-23 16:30:55.374	INFO	data_operation/get_data.go:29	649fcdef-5296-42bf-8603-7ff0a0f88e85 58251 江苏省 东台
2023-07-23 16:30:55.374	INFO	http_requests/http_get_worker.go:61	3139ca4d-e14c-477a-bd58-a6a5dd4f7b93 HttpGetWorker 拿到html链接
2023-07-23 16:30:55.434	INFO	data_operation/parsing_data.go:127	SaveDataWorker 从100缓冲通道接收
2023-07-23 16:30:55.446	INFO	data_operation/parsing_data.go:46	解析html成功
2023-07-23 16:30:55.451	INFO	data_operation/parsing_data.go:127	SaveDataWorker 从100缓冲通道接收
2023-07-23 16:30:55.454	INFO	data_operation/parsing_data.go:127	SaveDataWorker 从100缓冲通道接收
2023-07-23 16:30:55.455	INFO	data_operation/parsing_data.go:46	解析html成功
2023-07-23 16:30:55.466	INFO	data_operation/save_data.go:120	01d4f1c2-872d-4f2b-bff3-6d12e947c654 2023-07-23 17:00 无新数据
2023-07-23 16:30:55.481	INFO	data_operation/save_data.go:120	3139ca4d-e14c-477a-bd58-a6a5dd4f7b93 2023-07-23 16:05 无新数据
2023-07-23 16:30:55.482	INFO	data_operation/save_data.go:120	3139ca4d-e14c-477a-bd58-a6a5dd4f7b93 2023-07-23 17:00 无新数据
2023-07-23 16:30:55.498	INFO	data_operation/save_data.go:120	01d4f1c2-872d-4f2b-bff3-6d12e947c654 2023-07-23 20:00 无新数据
2023-07-23 16:30:55.509	INFO	data_operation/save_data.go:120	3139ca4d-e14c-477a-bd58-a6a5dd4f7b93 2023-07-23 20:00 无新数据
2023-07-23 16:30:55.530	INFO	data_operation/save_data.go:120	3139ca4d-e14c-477a-bd58-a6a5dd4f7b93 2023-07-23 23:00 无新数据
2023-07-23 16:30:55.540	INFO	data_operation/save_data.go:120	01d4f1c2-872d-4f2b-bff3-6d12e947c654 2023-07-23 23:00 无新数据
2023-07-23 16:42:27.848	INFO	data_operation/get_data.go:29	922d6611-bfd0-43e4-9df9-6e21b17bfcd5 58238 江苏省 南京
2023-07-23 16:42:32.708	INFO	data_operation/get_data.go:29	f9f5b759-67bf-4f5c-9b86-ff72d52dcdf6 58343 江苏省 常州
2023-07-23 16:42:32.708	INFO	http_requests/http_get_worker.go:71	922d6611-bfd0-43e4-9df9-6e21b17bfcd5 HttpGetWorker 拿到html链接
2023-07-23 16:42:32.855	INFO	data_operation/parsing_data.go:127	SaveDataWorker 从100缓冲通道接收
2023-07-23 16:42:32.859	INFO	data_operation/parsing_data.go:127	SaveDataWorker 从100缓冲通道接收
2023-07-23 16:42:32.859	INFO	data_operation/parsing_data.go:127	SaveDataWorker 从100缓冲通道接收
2023-07-23 16:42:32.861	DEBUG	data_operation/save_data.go:135	f9f5b759-67bf-4f5c-9b86-ff72d52dcdf6-没插入-发现9999
2023-07-23 16:42:32.862	INFO	data_operation/parsing_data.go:46	解析html成功
2023-07-23 16:42:32.879	INFO	db/operation.go:88	922d6611-bfd0-43e4-9df9-6e21b17bfcd5 没查到数据 select * from 58238r_2023 where date = '2023-07-23' and time = '16:15' order by id desc limit 1
2023-07-23 16:42:32.988	INFO	data_operation/save_data.go:117	922d6611-bfd0-43e4-9df9-6e21b17bfcd5 58238r_2023 插入实时数据 pk:1787
2023-07-23 16:42:33.016	INFO	data_operation/save_data.go:120	922d6611-bfd0-43e4-9df9-6e21b17bfcd5 2023-07-23 17:00 无新数据
2023-07-23 16:42:33.044	INFO	data_operation/save_data.go:120	922d6611-bfd0-43e4-9df9-6e21b17bfcd5 2023-07-23 20:00 无新数据
2023-07-23 16:42:33.068	INFO	data_operation/save_data.go:120	922d6611-bfd0-43e4-9df9-6e21b17bfcd5 2023-07-23 23:00 无新数据
2023-07-23 16:42:37.706	INFO	http_requests/http_get_worker.go:71	f9f5b759-67bf-4f5c-9b86-ff72d52dcdf6 HttpGetWorker 拿到html链接
2023-07-23 16:42:37.706	INFO	data_operation/get_data.go:29	0b337a46-b2ad-4f55-927f-fc2d29e4adbc 58145 江苏省 楚州
2023-07-23 16:42:37.707	INFO	data_operation/get_data.go:29	c26876be-c419-4ab9-bac7-ef1ec5509533 58251 江苏省 东台
2023-07-23 16:42:37.707	INFO	http_requests/http_get_worker.go:71	0b337a46-b2ad-4f55-927f-fc2d29e4adbc HttpGetWorker 拿到html链接
2023-07-23 16:42:37.820	INFO	data_operation/parsing_data.go:127	SaveDataWorker 从100缓冲通道接收
2023-07-23 16:42:37.830	INFO	data_operation/parsing_data.go:127	SaveDataWorker 从100缓冲通道接收
2023-07-23 16:42:37.830	INFO	data_operation/parsing_data.go:127	SaveDataWorker 从100缓冲通道接收
2023-07-23 16:42:37.830	INFO	data_operation/parsing_data.go:46	解析html成功
2023-07-23 16:42:37.830	INFO	data_operation/parsing_data.go:46	解析html成功
2023-07-23 16:42:37.850	INFO	db/operation.go:88	0b337a46-b2ad-4f55-927f-fc2d29e4adbc 没查到数据 select * from 58145r_2023 where date = '2023-07-23' and time = '16:20' order by id desc limit 1
2023-07-23 16:42:37.857	INFO	data_operation/save_data.go:120	f9f5b759-67bf-4f5c-9b86-ff72d52dcdf6 2023-07-23 17:00 无新数据
2023-07-23 16:42:37.859	INFO	data_operation/save_data.go:120	0b337a46-b2ad-4f55-927f-fc2d29e4adbc 2023-07-23 17:00 无新数据
2023-07-23 16:42:37.880	INFO	data_operation/save_data.go:120	0b337a46-b2ad-4f55-927f-fc2d29e4adbc 2023-07-23 20:00 无新数据
2023-07-23 16:42:37.880	INFO	data_operation/save_data.go:120	f9f5b759-67bf-4f5c-9b86-ff72d52dcdf6 2023-07-23 20:00 无新数据
2023-07-23 16:42:37.903	INFO	data_operation/save_data.go:120	f9f5b759-67bf-4f5c-9b86-ff72d52dcdf6 2023-07-23 23:00 无新数据
2023-07-23 16:42:37.912	INFO	data_operation/save_data.go:120	0b337a46-b2ad-4f55-927f-fc2d29e4adbc 2023-07-23 23:00 无新数据
2023-07-23 16:42:37.919	INFO	data_operation/save_data.go:117	0b337a46-b2ad-4f55-927f-fc2d29e4adbc 58145r_2023 插入实时数据 pk:1774
